Arguments:
  /Users/jepz/.nvm/versions/node/v8.11.3/bin/node /usr/local/Cellar/yarn/1.13.0/libexec/bin/yarn.js add jest jest-fetch-mock jest-unit

PATH:
  /Users/jepz/.nvm/versions/node/v8.11.3/bin:/usr/local/bin:/usr/local/sbin:/usr/bin:/bin:/usr/sbin:/sbin:/usr/local/go/bin:/Users/jepz/.yadr/bin:/Users/jepz/.yadr/bin/yadr

Yarn version:
  1.13.0

Node version:
  8.11.3

Platform:
  darwin x64

Trace:
  Error: https://registry.yarnpkg.com/jest-unit: Not found
      at Request.params.callback [as _callback] (/usr/local/Cellar/yarn/1.13.0/libexec/lib/cli.js:66255:18)
      at Request.self.callback (/usr/local/Cellar/yarn/1.13.0/libexec/lib/cli.js:129397:22)
      at emitTwo (events.js:126:13)
      at Request.emit (events.js:214:7)
      at Request.<anonymous> (/usr/local/Cellar/yarn/1.13.0/libexec/lib/cli.js:130369:10)
      at emitOne (events.js:116:13)
      at Request.emit (events.js:211:7)
      at IncomingMessage.<anonymous> (/usr/local/Cellar/yarn/1.13.0/libexec/lib/cli.js:130291:12)
      at Object.onceWrapper (events.js:313:30)
      at emitNone (events.js:111:20)

npm manifest:
  {
    "name": "@highly-attractive-people/conman-memory-source",
    "version": "0.0.4",
    "description": "memory source for conman configuration manager",
    "main": "index.js",
    "scripts": {
      "test": "echo \"Error: no test specified\" && exit 1"
    },
    "author": "",
    "license": "ISC",
    "dependencies": {
      "ramda": "^0.26.1"
    },
    "publishConfig": {
      "access": "public"
    },
    "gitHead": "a1877d23a24042de10fa25296f519a3c681712f2"
  }

yarn manifest:
  No manifest

Lockfile:
  # THIS IS AN AUTOGENERATED FILE. DO NOT EDIT THIS FILE DIRECTLY.
  # yarn lockfile v1


  ramda@^0.26.1:
    version "0.26.1"
    resolved "https://registry.yarnpkg.com/ramda/-/ramda-0.26.1.tgz#8d41351eb8111c55353617fc3bbffad8e4d35d06"
    integrity sha512-hLWjpy7EnsDBb0p+Z3B7rPi3GDeRG5ZtiI33kJhTt+ORCd38AbAIjB/9zRIUoeTbE/AVX5ZkU7m6bznsvrf8eQ==
